<?xml version="1.0" encoding="UTF-8"?>
<!-- Generated by org.testng.reporters.JUnitXMLReporter -->
<testsuite ignored="9" hostname="LAPTOP-NAINA" failures="0" tests="1" name="Etsy Web Automation" time="18.771" errors="0" timestamp="2022-07-24T14:23:26 EDT">
  <testcase classname="com.etsy.testPages.homePageTest.HomePageTest2" name="verifySearchProductUsingInvalidProduct" time="3.09"/>
  <testcase classname="com.etsy.testPages.homePageTest.HomePageTest2" name="verifyFrenchLanguageSettingsChanged" time="0.0">
    <ignored/>
  </testcase> <!-- verifyFrenchLanguageSettingsChanged -->
  <testcase classname="com.etsy.testPages.homePageTest.HomePageTest2" name="verifyChineseLanguageSettingsChanged" time="0.0">
    <ignored/>
  </testcase> <!-- verifyChineseLanguageSettingsChanged -->
  <testcase classname="com.etsy.testPages.homePageTest.HomePageTest2" name="verifySearchProductUsingInvalidProductFromExcel" time="0.0">
    <ignored/>
  </testcase> <!-- verifySearchProductUsingInvalidProductFromExcel -->
  <testcase classname="com.etsy.testPages.homePageTest.HomePageTest2" name="verifyFreeShippingFilterWorks" time="0.0">
    <ignored/>
  </testcase> <!-- verifyFreeShippingFilterWorks -->
  <testcase classname="com.etsy.testPages.homePageTest.HomePageTest2" name="verifyUnregisteredUserSignedIn" time="0.0">
    <ignored/>
  </testcase> <!-- verifyUnregisteredUserSignedIn -->
  <testcase classname="com.etsy.testPages.homePageTest.HomePageTest2" name="verifyPolishLanguageSettingsChanged" time="0.0">
    <ignored/>
  </testcase> <!-- verifyPolishLanguageSettingsChanged -->
  <testcase classname="com.etsy.testPages.homePageTest.HomePageTest2" name="verifySearchProductUsingInvalidProductFromDirectArray" time="0.0">
    <ignored/>
  </testcase> <!-- verifySearchProductUsingInvalidProductFromDirectArray -->
  <testcase classname="com.etsy.testPages.homePageTest.HomePageTest2" name="verifyRegisteredUserSignedIn" time="0.0">
    <ignored/>
  </testcase> <!-- verifyRegisteredUserSignedIn -->
  <testcase classname="com.etsy.testPages.homePageTest.HomePageTest2" name="verifySearchProductUsingInvalidProductFromDataProvider" time="0.0">
    <ignored/>
  </testcase> <!-- verifySearchProductUsingInvalidProductFromDataProvider -->
</testsuite> <!-- Etsy Web Automation -->
