<?xml version="1.0" encoding="UTF-8"?>
<testng-results ignored="0" total="1" passed="1" failed="0" skipped="0">
  <reporter-output>
    <line>
      <![CDATA[Browser: chrome]]>
    </line>
    <line>
      <![CDATA[URL: https://www.etsy.com/]]>
    </line>
  </reporter-output>
  <suite started-at="2022-07-16T11:20:32 EDT" name="Etsy Test Suite" finished-at="2022-07-16T11:21:00 EDT" duration-ms="27575">
    <groups>
    </groups>
    <test started-at="2022-07-16T11:20:32 EDT" name="Etsy Web Automation" finished-at="2022-07-16T11:21:00 EDT" duration-ms="27575">
      <class name="com.etsy.testPages.homePageTest.HomePageTest">
        <test-method is-config="true" signature="setupAutomation()[pri:0, instance:com.etsy.testPages.homePageTest.HomePageTest@795509d9]" started-at="2022-07-16T11:20:32 EDT" name="setupAutomation" finished-at="2022-07-16T11:20:33 EDT" duration-ms="83" status="PASS">
          <reporter-output>
          </reporter-output>
        </test-method> <!-- setupAutomation -->
        <test-method is-config="true" signature="setup(java.lang.String,java.lang.String)[pri:0, instance:com.etsy.testPages.homePageTest.HomePageTest@795509d9]" started-at="2022-07-16T11:20:33 EDT" name="setup" finished-at="2022-07-16T11:20:48 EDT" duration-ms="15675" status="PASS">
          <params>
            <param index="0">
              <value>
                <![CDATA[chrome]]>
              </value>
            </param>
            <param index="1">
              <value>
                <![CDATA[https://www.etsy.com/]]>
              </value>
            </param>
          </params>
          <reporter-output>
            <line>
              <![CDATA[Browser: chrome]]>
            </line>
            <line>
              <![CDATA[URL: https://www.etsy.com/]]>
            </line>
          </reporter-output>
        </test-method> <!-- setup -->
        <test-method signature="verifyFreeShippingFilterWorks()[pri:0, instance:com.etsy.testPages.homePageTest.HomePageTest@795509d9]" started-at="2022-07-16T11:20:48 EDT" name="verifyFreeShippingFilterWorks" finished-at="2022-07-16T11:21:00 EDT" duration-ms="11670" status="PASS">
          <reporter-output>
          </reporter-output>
        </test-method> <!-- verifyFreeShippingFilterWorks -->
        <test-method is-config="true" signature="tearDownAutomation()[pri:0, instance:com.etsy.testPages.homePageTest.HomePageTest@795509d9]" started-at="2022-07-16T11:21:00 EDT" name="tearDownAutomation" finished-at="2022-07-16T11:21:00 EDT" duration-ms="9" status="PASS">
          <reporter-output>
          </reporter-output>
        </test-method> <!-- tearDownAutomation -->
      </class> <!-- com.etsy.testPages.homePageTest.HomePageTest -->
    </test> <!-- Etsy Web Automation -->
  </suite> <!-- Etsy Test Suite -->
</testng-results>
